INFO:root:Step 1 - Generating a test track
INFO:root:Step 2 - Generating target speeds for test track
INFO:root:Step 3 - Starting the simulation
INFO:root:Running within simulation now
INFO:root:
===================================
time: 0.0
INFO:root:
xref: 
[[11.8 11.8 11.8 11.8 11.8 11.8 11.8 11.8 11.8 11.8 11.8]
 [-8.2 -8.2 -8.2 -8.2 -8.2 -8.2 -8.2 -8.2 -8.2 -8.2 -8.2]
 [ 2.8  2.8  2.8  2.8  2.8  2.8  2.8  2.8  2.8  2.8  2.8]
 [-1.5 -1.5 -1.5 -1.5 -1.5 -1.5 -1.5 -1.5 -1.5 -1.5 -1.5]]
INFO:root:
x0: 
x:11.849000 y:-8.153000 v:0.000000 phi:-1.514997
INFO:root:
xbar: 
[[11.8 11.8 11.8 11.8 11.8 11.8 11.8 11.8 11.8 11.8 11.8]
 [-8.2 -8.2 -8.2 -8.2 -8.2 -8.2 -8.2 -8.2 -8.2 -8.2 -8.2]
 [ 0.   0.   0.   0.   0.   0.   0.   0.   0.   0.   0. ]
 [-1.5 -1.5 -1.5 -1.5 -1.5 -1.5 -1.5 -1.5 -1.5 -1.5 -1.5]]
INFO:root:
MPC control: 
 a: [1. 1. 1. 1. 1. 1. 1. 1. 1. 1.], 
 delta: [-1.1e-20 -2.2e-21 -1.8e-21 -1.4e-21 -6.1e-21 -2.6e-22 -9.6e-22  1.2e-21
 -4.0e-21 -4.1e-21]
INFO:root:
MPC states: 
 x: [11.8 11.8 11.9 11.9 11.9 11.9 11.9 11.9 11.9 11.9 11.9], 
 y:[ -8.2  -8.2  -8.2  -8.3  -8.4  -8.6  -8.8  -9.   -9.3  -9.6 -10. ]
INFO:root:
===================================
time: 0.2
INFO:root:
xref: 
[[11.8 11.8 11.8 11.8 11.8 11.8 11.8 11.8 11.8 11.8 11.8]
 [-8.2 -8.2 -8.2 -8.2 -8.2 -8.2 -8.2 -8.2 -8.2 -8.2 -8.2]
 [ 2.8  2.8  2.8  2.8  2.8  2.8  2.8  2.8  2.8  2.8  2.8]
 [-1.5 -1.5 -1.5 -1.5 -1.5 -1.5 -1.5 -1.5 -1.5 -1.5 -1.5]]
INFO:root:
x0: 
x:11.849000 y:-8.153000 v:0.200000 phi:-1.514997
INFO:root:
xbar: 
[[ 11.8  11.9  11.9  11.9  11.9  11.9  11.9  11.9  11.9  11.9  12. ]
 [ -8.2  -8.2  -8.3  -8.4  -8.6  -8.8  -9.   -9.3  -9.6 -10.  -10.3]
 [  0.2   0.4   0.6   0.8   1.    1.2   1.4   1.6   1.8   2.    2.2]
 [ -1.5  -1.5  -1.5  -1.5  -1.5  -1.5  -1.5  -1.5  -1.5  -1.5  -1.5]]
INFO:root:
MPC control: 
 a: [1. 1. 1. 1. 1. 1. 1. 1. 1. 1.], 
 delta: [-1.7e-12 -1.9e-12 -2.2e-12 -2.5e-12 -2.6e-12 -2.7e-12 -2.7e-12 -2.7e-12
 -2.8e-12 -3.2e-12]
INFO:root:
MPC states: 
 x: [11.8 11.9 11.9 11.9 11.9 11.9 11.9 11.9 11.9 11.9 12. ], 
 y:[ -8.2  -8.2  -8.3  -8.4  -8.6  -8.8  -9.   -9.3  -9.6 -10.  -10.3]
INFO:root:
===================================
time: 0.4
INFO:root:
xref: 
[[11.8 11.8 11.8 11.8 11.8 11.8 12.  12.  12.  12.  12. ]
 [-8.2 -8.2 -8.2 -8.2 -8.2 -8.2 -9.1 -9.1 -9.1 -9.1 -9.1]
 [ 2.8  2.8  2.8  2.8  2.8  2.8  2.8  2.8  2.8  2.8  2.8]
 [-1.5 -1.5 -1.5 -1.5 -1.5 -1.5 -1.4 -1.4 -1.4 -1.4 -1.4]]
INFO:root:
x0: 
x:11.851231 y:-8.192938 v:0.400000 phi:-1.514997
INFO:root:
xbar: 
[[ 11.9  11.9  11.9  11.9  11.9  11.9  11.9  11.9  11.9  12.   12. ]
 [ -8.2  -8.3  -8.4  -8.6  -8.8  -9.   -9.3  -9.6 -10.  -10.3 -10.8]
 [  0.4   0.6   0.8   1.    1.2   1.4   1.6   1.8   2.    2.2   2.4]
 [ -1.5  -1.5  -1.5  -1.5  -1.5  -1.5  -1.5  -1.5  -1.5  -1.5  -1.5]]
INFO:root:
MPC control: 
 a: [1.  1.  1.  1.  1.  1.  1.  1.  1.  0.9], 
 delta: [0.  0.  0.1 0.1 0.1 0.1 0.1 0.1 0.1 0.1]
INFO:root:
MPC states: 
 x: [11.9 11.9 11.9 11.9 11.9 11.9 11.9 12.  12.  12.1 12.1], 
 y:[ -8.2  -8.3  -8.4  -8.6  -8.8  -9.   -9.3  -9.6  -9.9 -10.3 -10.8]
INFO:root:
===================================
time: 0.6000000000000001
INFO:root:
xref: 
[[11.8 11.8 11.8 11.8 12.  12.  12.  12.  12.  12.  12. ]
 [-8.2 -8.2 -8.2 -8.2 -9.1 -9.1 -9.1 -9.1 -9.1 -9.1 -9.1]
 [ 2.8  2.8  2.8  2.8  2.8  2.8  2.8  2.8  2.8  2.8  2.8]
 [-1.5 -1.5 -1.5 -1.5 -1.4 -1.4 -1.4 -1.4 -1.4 -1.4 -1.4]]
INFO:root:
x0: 
x:11.855692 y:-8.272813 v:0.600000 phi:-1.512563
INFO:root:
xbar: 
[[ 11.9  11.9  11.9  11.9  11.9  11.9  12.   12.   12.   12.1  12.1]
 [ -8.3  -8.4  -8.6  -8.8  -9.   -9.3  -9.6  -9.9 -10.3 -10.8 -11.3]
 [  0.6   0.8   1.    1.2   1.4   1.6   1.8   2.    2.2   2.4   2.6]
 [ -1.5  -1.5  -1.5  -1.5  -1.5  -1.5  -1.5  -1.5  -1.5  -1.5  -1.4]]
INFO:root:
MPC control: 
 a: [1.  1.  1.  1.  0.8 0.8 0.8 0.9 0.9 0.8], 
 delta: [0.1 0.1 0.1 0.1 0.1 0.1 0.1 0.1 0.1 0.1]
INFO:root:
MPC states: 
 x: [11.9 11.9 11.9 11.9 11.9 11.9 12.  12.  12.1 12.1 12.2], 
 y:[ -8.3  -8.4  -8.6  -8.8  -9.   -9.3  -9.6  -9.9 -10.3 -10.7 -11.2]
INFO:root:
===================================
time: 0.8
INFO:root:
xref: 
[[ 11.8  11.8  11.8  12.   12.   12.   12.   12.   12.   12.3  12.3]
 [ -8.2  -8.2  -8.2  -9.1  -9.1  -9.1  -9.1  -9.1  -9.1 -10.1 -10.1]
 [  2.8   2.8   2.8   2.8   2.8   2.8   2.8   2.8   2.8   2.8   2.8]
 [ -1.5  -1.5  -1.5  -1.4  -1.4  -1.4  -1.4  -1.4  -1.4  -1.1  -1.1]]
INFO:root:
x0: 
x:11.862677 y:-8.392610 v:0.800000 phi:-1.506555
INFO:root:
xbar: 
[[ 11.9  11.9  11.9  11.9  11.9  12.   12.   12.1  12.1  12.2  12.3]
 [ -8.4  -8.6  -8.8  -9.   -9.3  -9.6  -9.9 -10.3 -10.8 -11.3 -11.8]
 [  0.8   1.    1.2   1.4   1.6   1.8   2.    2.2   2.4   2.6   2.8]
 [ -1.5  -1.5  -1.5  -1.5  -1.5  -1.5  -1.4  -1.4  -1.4  -1.4  -1.4]]
INFO:root:
MPC control: 
 a: [1.  1.  0.9 0.8 0.7 0.8 0.9 0.9 0.8 0.7], 
 delta: [0.1 0.1 0.2 0.2 0.2 0.2 0.2 0.3 0.3 0.2]
INFO:root:
MPC states: 
 x: [11.9 11.9 11.9 11.9 11.9 12.  12.  12.1 12.2 12.3 12.5], 
 y:[ -8.4  -8.6  -8.8  -9.   -9.3  -9.6  -9.9 -10.3 -10.7 -11.1 -11.5]
INFO:root:
===================================
time: 1.0
INFO:root:
xref: 
[[ 11.8  11.8  12.   12.   12.   12.   12.   12.3  12.3  12.3  12.3]
 [ -8.2  -8.2  -9.1  -9.1  -9.1  -9.1  -9.1 -10.1 -10.1 -10.1 -10.1]
 [  2.8   2.8   2.8   2.8   2.8   2.8   2.8   2.8   2.8   2.8   2.8]
 [ -1.5  -1.5  -1.4  -1.4  -1.4  -1.4  -1.4  -1.1  -1.1  -1.1  -1.1]]
INFO:root:
x0: 
x:11.872948 y:-8.552280 v:1.000000 phi:-1.495934
INFO:root:
xbar: 
[[ 11.9  11.9  11.9  11.9  12.   12.   12.1  12.2  12.3  12.4  12.5]
 [ -8.6  -8.8  -9.   -9.3  -9.6  -9.9 -10.3 -10.8 -11.2 -11.7 -12.3]
 [  1.    1.2   1.4   1.6   1.8   2.    2.2   2.4   2.6   2.8   2.8]
 [ -1.5  -1.5  -1.5  -1.5  -1.4  -1.4  -1.4  -1.4  -1.3  -1.3  -1.3]]
INFO:root:
MPC control: 
 a: [1.  0.8 0.6 0.6 0.7 0.7 0.7 0.8 0.8 0.7], 
 delta: [0.1 0.2 0.2 0.2 0.3 0.3 0.3 0.2 0.2 0.2]
INFO:root:
MPC states: 
 x: [11.9 11.9 11.9 11.9 12.  12.  12.1 12.2 12.4 12.5 12.8], 
 y:[ -8.6  -8.8  -9.   -9.3  -9.6  -9.9 -10.2 -10.6 -11.  -11.4 -11.8]
INFO:root:
===================================
time: 1.2
INFO:root:
xref: 
[[ 12.   12.   12.3  12.3  12.3  12.3  12.9  12.9  12.9  12.9  13.7]
 [ -9.1  -9.1 -10.1 -10.1 -10.1 -10.1 -10.9 -10.9 -10.9 -10.9 -11.4]
 [  2.8   2.8   2.8   2.8   2.8   2.8   2.8   2.8   2.8   2.8   2.8]
 [ -1.4  -1.4  -1.1  -1.1  -1.1  -1.1  -0.7  -0.7  -0.7  -0.7  -0.4]]
INFO:root:
x0: 
x:11.887907 y:-8.751720 v:1.200000 phi:-1.479817
INFO:root:
xbar: 
[[ 11.9  11.9  11.9  12.   12.   12.1  12.2  12.3  12.5  12.6  12.8]
 [ -8.8  -9.   -9.3  -9.6  -9.9 -10.3 -10.8 -11.2 -11.7 -12.3 -12.8]
 [  1.2   1.4   1.6   1.8   2.    2.2   2.4   2.6   2.8   2.8   2.8]
 [ -1.5  -1.5  -1.4  -1.4  -1.4  -1.4  -1.3  -1.3  -1.3  -1.2  -1.2]]
INFO:root:
MPC control: 
 a: [1.  1.  1.  1.  0.7 0.5 0.4 0.5 0.5 0.4], 
 delta: [0.6 0.6 0.5 0.5 0.4 0.4 0.4 0.4 0.4 0.5]
INFO:root:
MPC states: 
 x: [11.9 11.9 12.  12.  12.1 12.3 12.5 12.8 13.1 13.5 14. ], 
 y:[ -8.8  -9.   -9.3  -9.6  -9.9 -10.3 -10.7 -11.1 -11.5 -11.9 -12.2]
INFO:root:
===================================
time: 1.4
INFO:root:
xref: 
[[ 12.   12.3  12.3  12.3  12.3  12.9  12.9  12.9  13.7  13.7  13.7]
 [ -9.1 -10.1 -10.1 -10.1 -10.1 -10.9 -10.9 -10.9 -11.4 -11.4 -11.4]
 [  2.8   2.8   2.8   2.8   2.8   2.8   2.8   2.8   2.8   2.8   2.8]
 [ -1.4  -1.1  -1.1  -1.1  -1.1  -0.7  -0.7  -0.7  -0.4  -0.4  -0.4]]
INFO:root:
x0: 
x:11.909712 y:-8.990727 v:1.400000 phi:-1.383594
INFO:root:
xbar: 
[[ 11.9  12.   12.1  12.2  12.4  12.7  13.1  13.5  14.   14.6  15.2]
 [ -9.   -9.3  -9.6  -9.9 -10.2 -10.6 -10.9 -11.1 -11.3 -11.4 -11.4]
 [  1.4   1.6   1.8   2.    2.2   2.4   2.6   2.8   2.8   2.8   2.8]
 [ -1.4  -1.3  -1.1  -1.   -0.9  -0.7  -0.5  -0.3  -0.1   0.1   0.2]]
INFO:root:
MPC control: 
 a: [1.  1.  1.  0.8 0.6 0.4 0.4 0.3 0.3 0.3], 
 delta: [0.5 0.5 0.6 0.7 0.8 0.7 0.6 0.5 0.4 0.3]
INFO:root:
MPC states: 
 x: [11.9 12.  12.  12.2 12.3 12.6 12.9 13.2 13.7 14.2 14.7], 
 y:[ -9.   -9.3  -9.6  -9.9 -10.3 -10.7 -11.  -11.3 -11.5 -11.7 -11.9]
INFO:root:
===================================
time: 1.5999999999999999
INFO:root:
xref: 
[[ 12.   12.3  12.3  12.3  12.9  12.9  12.9  13.7  13.7  13.7  14.7]
 [ -9.1 -10.1 -10.1 -10.1 -10.9 -10.9 -10.9 -11.4 -11.4 -11.4 -11.6]
 [  2.8   2.8   2.8   2.8   2.8   2.8   2.8   2.8   2.8   2.8   2.8]
 [ -1.4  -1.1  -1.1  -1.1  -0.7  -0.7  -0.7  -0.4  -0.4  -0.4  -0.1]]
INFO:root:
x0: 
x:11.961823 y:-9.265835 v:1.600000 phi:-1.305546
INFO:root:
xbar: 
[[ 12.   12.   12.2  12.3  12.6  12.9  13.3  13.7  14.2  14.7  15.2]
 [ -9.3  -9.6  -9.9 -10.3 -10.6 -11.  -11.4 -11.7 -12.  -12.2 -12.3]
 [  1.6   1.8   2.    2.2   2.4   2.6   2.8   2.8   2.8   2.8   2.8]
 [ -1.3  -1.2  -1.1  -1.   -0.9  -0.8  -0.6  -0.5  -0.4  -0.2  -0.1]]
INFO:root:
MPC control: 
 a: [1.  1.  0.8 0.5 0.4 0.3 0.3 0.4 0.4 0.3], 
 delta: [0.4 0.5 0.6 0.7 0.7 0.6 0.6 0.5 0.4 0.3]
INFO:root:
MPC states: 
 x: [12.  12.  12.2 12.3 12.6 12.8 13.2 13.6 14.1 14.5 15.1], 
 y:[ -9.3  -9.6  -9.9 -10.3 -10.6 -11.  -11.3 -11.6 -11.7 -11.9 -12. ]
INFO:root:
===================================
time: 1.7999999999999998
INFO:root:
xref: 
[[ 12.   12.3  12.3  12.3  12.9  12.9  13.7  13.7  13.7  14.7  14.7]
 [ -9.1 -10.1 -10.1 -10.1 -10.9 -10.9 -11.4 -11.4 -11.4 -11.6 -11.6]
 [  2.8   2.8   2.8   2.8   2.8   2.8   2.8   2.8   2.8   2.8   2.8]
 [ -1.4  -1.1  -1.1  -1.1  -0.7  -0.7  -0.4  -0.4  -0.4  -0.1  -0.1]]
INFO:root:
x0: 
x:12.045711 y:-9.574644 v:1.800000 phi:-1.219065
INFO:root:
xbar: 
[[ 12.   12.2  12.3  12.6  12.9  13.2  13.7  14.2  14.7  15.2  15.8]
 [ -9.6  -9.9 -10.3 -10.6 -11.  -11.4 -11.7 -12.  -12.2 -12.3 -12.4]
 [  1.8   2.    2.2   2.4   2.6   2.8   2.8   2.8   2.8   2.8   2.8]
 [ -1.2  -1.1  -1.   -0.9  -0.8  -0.6  -0.5  -0.4  -0.2  -0.1   0. ]]
INFO:root:
MPC control: 
 a: [0.8 0.6 0.5 0.4 0.3 0.3 0.3 0.4 0.3 0.3], 
 delta: [0.4 0.5 0.6 0.7 0.7 0.6 0.5 0.4 0.3 0.2]
INFO:root:
MPC states: 
 x: [12.  12.2 12.3 12.5 12.8 13.1 13.5 13.9 14.4 14.9 15.4], 
 y:[ -9.6  -9.9 -10.3 -10.6 -11.  -11.3 -11.5 -11.7 -11.8 -11.9 -11.9]
INFO:root:
===================================
time: 1.9999999999999998
INFO:root:
xref: 
[[ 12.3  12.9  12.9  13.7  13.7  13.7  14.7  14.7  15.7  15.7  15.7]
 [-10.1 -10.9 -10.9 -11.4 -11.4 -11.4 -11.6 -11.6 -11.6 -11.6 -11.6]
 [  2.8   2.8   2.8   2.8   2.8   2.8   2.8   2.8   2.8   2.8   2.8]
 [ -1.1  -0.7  -0.7  -0.4  -0.4  -0.4  -0.1  -0.1   0.1   0.1   0.1]]
INFO:root:
x0: 
x:12.169739 y:-9.912604 v:1.952742 phi:-1.142651
INFO:root:
xbar: 
[[ 12.2  12.3  12.5  12.8  13.1  13.5  13.9  14.4  14.9  15.4  15.9]
 [ -9.9 -10.3 -10.6 -11.  -11.4 -11.7 -12.1 -12.4 -12.6 -12.8 -12.9]
 [  2.    2.1   2.3   2.4   2.6   2.7   2.8   2.8   2.8   2.8   2.8]
 [ -1.1  -1.1  -1.   -0.9  -0.8  -0.7  -0.6  -0.5  -0.3  -0.2  -0.1]]
INFO:root:
MPC control: 
 a: [1.  1.  0.6 0.3 0.2 0.1 0.1 0.1 0.1 0.2], 
 delta: [0.8 0.8 0.8 0.7 0.6 0.5 0.4 0.3 0.2 0.2]
INFO:root:
MPC states: 
 x: [12.2 12.3 12.6 12.9 13.3 13.8 14.3 14.8 15.4 16.  16.5], 
 y:[ -9.9 -10.3 -10.6 -11.  -11.3 -11.5 -11.7 -11.8 -11.8 -11.8 -11.7]
INFO:root:
===================================
time: 2.1999999999999997
INFO:root:
xref: 
[[ 12.3  12.9  12.9  13.7  13.7  14.7  14.7  14.7  15.7  15.7  16.7]
 [-10.1 -10.9 -10.9 -11.4 -11.4 -11.6 -11.6 -11.6 -11.6 -11.6 -11.5]
 [  2.8   2.8   2.8   2.8   2.8   2.8   2.8   2.8   2.8   2.8   2.8]
 [ -1.1  -0.7  -0.7  -0.4  -0.4  -0.1  -0.1  -0.1   0.1   0.1   0.1]]
INFO:root:
x0: 
x:12.331889 y:-10.267900 v:2.152742 phi:-0.927376
INFO:root:
xbar: 
[[ 12.3  12.6  13.   13.4  14.   14.5  15.   15.5  15.8  16.   16. ]
 [-10.3 -10.6 -10.9 -11.1 -11.2 -11.2 -10.9 -10.6 -10.1  -9.6  -9.1]
 [  2.2   2.4   2.6   2.8   2.8   2.8   2.8   2.8   2.8   2.8   2.8]
 [ -0.9  -0.7  -0.4  -0.2   0.1   0.4   0.7   0.9   1.2   1.5   1.8]]
INFO:root:
MPC control: 
 a: [0.7 0.4 0.1 0.  0.  0.1 0.2 0.3 0.3 0.3], 
 delta: [0.5 0.6 0.7 0.8 0.7 0.6 0.5 0.4 0.3 0.2]
INFO:root:
MPC states: 
 x: [12.3 12.6 12.9 13.3 13.7 14.2 14.8 15.4 16.  16.6 17.3], 
 y:[-10.3 -10.6 -11.  -11.3 -11.5 -11.7 -11.8 -11.8 -11.6 -11.3 -10.8]
INFO:root:
===================================
time: 2.4
INFO:root:
xref: 
[[ 12.9  13.7  13.7  14.7  14.7  15.7  15.7  16.7  16.7  17.7  17.7]
 [-10.9 -11.4 -11.4 -11.6 -11.6 -11.6 -11.6 -11.5 -11.5 -11.4 -11.4]
 [  2.8   2.8   2.8   2.8   2.8   2.8   2.8   2.8   2.8   2.8   2.8]
 [ -0.7  -0.4  -0.4  -0.1  -0.1   0.1   0.1   0.1   0.1  -0.1  -0.1]]
INFO:root:
x0: 
x:12.590190 y:-10.612360 v:2.291256 phi:-0.812342
INFO:root:
xbar: 
[[ 1.3e+01  1.3e+01  1.3e+01  1.4e+01  1.4e+01  1.5e+01  1.5e+01  1.6e+01
   1.6e+01  1.7e+01  1.7e+01]
 [-1.1e+01 -1.1e+01 -1.1e+01 -1.2e+01 -1.2e+01 -1.2e+01 -1.2e+01 -1.2e+01
  -1.2e+01 -1.2e+01 -1.2e+01]
 [ 2.3e+00  2.4e+00  2.6e+00  2.7e+00  2.8e+00  2.8e+00  2.8e+00  2.8e+00
   2.8e+00  2.8e+00  2.8e+00]
 [-8.1e-01 -6.9e-01 -5.6e-01 -4.3e-01 -2.9e-01 -1.5e-01 -7.1e-03  1.3e-01
   2.7e-01  4.1e-01  5.5e-01]]
INFO:root:
MPC control: 
 a: [ 1.0e+00  1.0e+00  4.3e-01  1.3e-09 -3.6e-10 -9.2e-11 -6.8e-10 -5.1e-10
 -5.3e-08 -2.2e-05], 
 delta: [ 0.8  0.8  0.7  0.6  0.4  0.3  0.2  0.1  0.  -0.1]
INFO:root:
MPC states: 
 x: [12.6 12.9 13.3 13.8 14.3 14.9 15.5 16.  16.6 17.1 17.7], 
 y:[-10.6 -10.9 -11.2 -11.5 -11.6 -11.7 -11.7 -11.7 -11.6 -11.5 -11.3]
INFO:root:
===================================
time: 2.6
INFO:root:
xref: 
[[ 12.9  13.7  13.7  14.7  14.7  15.7  15.7  16.7  16.7  17.7  17.7]
 [-10.9 -11.4 -11.4 -11.6 -11.6 -11.6 -11.6 -11.5 -11.5 -11.4 -11.4]
 [  2.8   2.8   2.8   2.8   2.8   2.8   2.8   2.8   2.8   2.8   2.8]
 [ -0.7  -0.4  -0.4  -0.1  -0.1   0.1   0.1   0.1   0.1  -0.1  -0.1]]
INFO:root:
x0: 
x:12.905376 y:-10.945004 v:2.491256 phi:-0.563216
INFO:root:
xbar: 
[[ 12.9  13.3  13.8  14.4  14.9  15.4  15.8  16.   16.2  16.1  15.9]
 [-10.9 -11.2 -11.4 -11.4 -11.2 -10.9 -10.5 -10.   -9.5  -8.9  -8.4]
 [  2.5   2.7   2.8   2.8   2.8   2.8   2.8   2.8   2.8   2.8   2.8]
 [ -0.6  -0.3  -0.    0.3   0.5   0.8   1.1   1.4   1.7   1.9   2.2]]
INFO:root:
MPC control: 
 a: [-0.  -0.1 -0.2 -0.2 -0.1 -0.   0.1  0.3  0.4  0.4], 
 delta: [0.3 0.4 0.5 0.6 0.6 0.5 0.4 0.3 0.2 0.1]
INFO:root:
MPC states: 
 x: [12.9 13.3 13.8 14.3 14.8 15.4 16.  16.7 17.3 18.  18.6], 
 y:[-10.9 -11.2 -11.5 -11.7 -11.8 -11.9 -11.9 -11.7 -11.3 -10.8 -10. ]
